#
# There is insufficient memory for the Java Runtime Environment to continue.
# Native memory allocation (malloc) failed to allocate 1048576 bytes for AllocateHeap
# Possible reasons:
#   The system is out of physical RAM or swap space
#   In 32 bit mode, the process size limit was hit
# Possible solutions:
#   Reduce memory load on the system
#   Increase physical memory or swap space
#   Check if swap backing store is full
#   Use 64 bit Java on a 64 bit OS
#   Decrease Java heap size (-Xmx/-Xms)
#   Decrease number of Java threads
#   Decrease Java thread stack sizes (-Xss)
#   Set larger code cache with -XX:ReservedCodeCacheSize=
# This output file may be truncated or incomplete.
#
#  Out of Memory Error (memory/allocation.inline.hpp:61), pid=598504, tid=0x000000000004bad0
#
# JRE version:  (8.0_171-b11) (build )
# Java VM: Java HotSpot(TM) 64-Bit Server VM (25.171-b11 mixed mode windows-amd64 compressed oops)
# Failed to write core dump. Minidumps are not enabled by default on client versions of Windows
#

---------------  T H R E A D  ---------------

Current thread (0x0000000002cd2800):  JavaThread "Unknown thread" [_thread_in_vm, id=309968, stack(0x00000000028f0000,0x00000000029f0000)]

Stack: [0x00000000028f0000,0x00000000029f0000]
[error occurred during error reporting (printing stack bounds), id 0xc0000005]

Native frames: (J=compiled Java code, j=interpreted, Vv=VM code, C=native code)


---------------  P R O C E S S  ---------------

Java Threads: ( => current thread )

Other Threads:

=>0x0000000002cd2800 (exited) JavaThread "Unknown thread" [_thread_in_vm, id=309968, stack(0x00000000028f0000,0x00000000029f0000)]

VM state:not at safepoint (normal execution)

VM Mutex/Monitor currently owned by a thread: None

Heap:
 PSYoungGen      total 76288K, used 1310K [0x000000076b500000, 0x0000000770a00000, 0x00000007c0000000)
  eden space 65536K, 2% used [0x000000076b500000,0x000000076b647af0,0x000000076f500000)
  from space 10752K, 0% used [0x000000076ff80000,0x000000076ff80000,0x0000000770a00000)
  to   space 10752K, 0% used [0x000000076f500000,0x000000076f500000,0x000000076ff80000)
 ParOldGen       total 175104K, used 0K [0x00000006c1e00000, 0x00000006cc900000, 0x000000076b500000)
  object space 175104K, 0% used [0x00000006c1e00000,0x00000006c1e00000,0x00000006cc900000)
 Metaspace       used 774K, capacity 4480K, committed 4480K, reserved 1056768K
  class space    used 76K, capacity 384K, committed 384K, reserved 1048576K

Card table byte_map: [0x0000000012190000,0x0000000012990000] byte_map_base: 0x000000000eb81000

Marking Bits: (ParMarkBitMap*) 0x0000000067e508c0
 Begin Bits: [0x00000000132e0000, 0x0000000017268000)
 End Bits:   [0x0000000017268000, 0x000000001b1f0000)

Polling page: 0x00000000007a0000

CodeCache: size=245760Kb used=328Kb max_used=328Kb free=245431Kb
 bounds [0x0000000002dd0000, 0x0000000003040000, 0x0000000011dd0000]
 total_blobs=58 nmethods=0 adapters=38
 compilation: enabled

Compilation events (0 events):
No events

GC Heap History (0 events):
No events

Deoptimization events (0 events):
No events

Classes redefined (0 events):
No events

Internal exceptions (0 events):
No events

Events (10 events):
Event: 0.029 loading class java/lang/Short
Event: 0.029 loading class java/lang/Short done
Event: 0.029 loading class java/lang/Integer
Event: 0.029 loading class java/lang/Integer done
Event: 0.029 loading class java/lang/Long
Event: 0.029 loading class java/lang/Long done
Event: 0.030 loading class java/lang/NullPointerException
Event: 0.030 loading class java/lang/NullPointerException done
Event: 0.030 loading class java/lang/ArithmeticException
Event: 0.030 loading class java/lang/ArithmeticException done


Dynamic libraries:
0x00007ff794f90000 - 0x00007ff794fc7000 	C:\jdk\bin\java.exe
0x00007ffd4a010000 - 0x00007ffd4a1fd000 	C:\WINDOWS\SYSTEM32\ntdll.dll
0x00007ffd47390000 - 0x00007ffd47443000 	C:\WINDOWS\System32\KERNEL32.DLL
0x00007ffd46b50000 - 0x00007ffd46de5000 	C:\WINDOWS\System32\KERNELBASE.dll
0x00007ffd47480000 - 0x00007ffd47523000 	C:\WINDOWS\System32\ADVAPI32.dll
0x00007ffd47230000 - 0x00007ffd472ce000 	C:\WINDOWS\System32\msvcrt.dll
0x00007ffd472d0000 - 0x00007ffd4736e000 	C:\WINDOWS\System32\sechost.dll
0x00007ffd47a60000 - 0x00007ffd47b82000 	C:\WINDOWS\System32\RPCRT4.dll
0x00007ffd47530000 - 0x00007ffd476c7000 	C:\WINDOWS\System32\USER32.dll
0x00007ffd47190000 - 0x00007ffd471b0000 	C:\WINDOWS\System32\win32u.dll
0x00007ffd476d0000 - 0x00007ffd476f9000 	C:\WINDOWS\System32\GDI32.dll
0x00007ffd460d0000 - 0x00007ffd46269000 	C:\WINDOWS\System32\gdi32full.dll
0x00007ffd46ff0000 - 0x00007ffd47090000 	C:\WINDOWS\System32\msvcp_win.dll
0x00007ffd47090000 - 0x00007ffd4718a000 	C:\WINDOWS\System32\ucrtbase.dll
0x00007ffd34930000 - 0x00007ffd34ba9000 	C:\WINDOWS\WinSxS\amd64_microsoft.windows.common-controls_6595b64144ccf1df_6.0.17763.1217_none_de6e4304534e0ad3\COMCTL32.dll
0x00007ffd49a50000 - 0x00007ffd49d7c000 	C:\WINDOWS\System32\combase.dll
0x00007ffd471b0000 - 0x00007ffd4722e000 	C:\WINDOWS\System32\bcryptPrimitives.dll
0x00007ffd47450000 - 0x00007ffd4747e000 	C:\WINDOWS\System32\IMM32.DLL
0x00000000684b0000 - 0x0000000068582000 	C:\jdk\jre\bin\msvcr100.dll
0x0000000067630000 - 0x0000000067ed0000 	C:\jdk\jre\bin\server\jvm.dll
0x00007ffd47980000 - 0x00007ffd47988000 	C:\WINDOWS\System32\PSAPI.DLL
0x00007ffd442e0000 - 0x00007ffd44304000 	C:\WINDOWS\SYSTEM32\WINMM.dll
0x00007ffd428f0000 - 0x00007ffd428f9000 	C:\WINDOWS\SYSTEM32\WSOCK32.dll
0x00007ffd47840000 - 0x00007ffd478ad000 	C:\WINDOWS\System32\WS2_32.dll
0x00007ffd44090000 - 0x00007ffd440bd000 	C:\WINDOWS\SYSTEM32\winmmbase.dll
0x00007ffd45ba0000 - 0x00007ffd45baa000 	C:\WINDOWS\SYSTEM32\VERSION.dll
0x00007ffd46320000 - 0x00007ffd4636a000 	C:\WINDOWS\System32\cfgmgr32.dll
0x0000000068680000 - 0x000000006868f000 	C:\jdk\jre\bin\verify.dll
0x0000000068650000 - 0x0000000068679000 	C:\jdk\jre\bin\java.dll
0x00000000685c0000 - 0x00000000685e3000 	C:\jdk\jre\bin\instrument.dll
0x0000000068630000 - 0x0000000068646000 	C:\jdk\jre\bin\zip.dll

VM Arguments:
jvm_args: -javaagent:D:\Program Files\JetBrains\IntelliJ IDEA 2019.3.2\lib\idea_rt.jar=53107:D:\Program Files\JetBrains\IntelliJ IDEA 2019.3.2\bin -Dfile.encoding=UTF-8 
java_command: com.zxw.demo.DateTest
java_class_path (initial): C:\jdk\jre\lib\charsets.jar;C:\jdk\jre\lib\deploy.jar;C:\jdk\jre\lib\ext\access-bridge-64.jar;C:\jdk\jre\lib\ext\cldrdata.jar;C:\jdk\jre\lib\ext\dnsns.jar;C:\jdk\jre\lib\ext\jaccess.jar;C:\jdk\jre\lib\ext\jfxrt.jar;C:\jdk\jre\lib\ext\localedata.jar;C:\jdk\jre\lib\ext\nashorn.jar;C:\jdk\jre\lib\ext\sunec.jar;C:\jdk\jre\lib\ext\sunjce_provider.jar;C:\jdk\jre\lib\ext\sunmscapi.jar;C:\jdk\jre\lib\ext\sunpkcs11.jar;C:\jdk\jre\lib\ext\zipfs.jar;C:\jdk\jre\lib\javaws.jar;C:\jdk\jre\lib\jce.jar;C:\jdk\jre\lib\jfr.jar;C:\jdk\jre\lib\jfxswt.jar;C:\jdk\jre\lib\jsse.jar;C:\jdk\jre\lib\management-agent.jar;C:\jdk\jre\lib\plugin.jar;C:\jdk\jre\lib\resources.jar;C:\jdk\jre\lib\rt.jar;D:\workplace\demo\basic\target\classes;D:\Program Files\JetBrains\IntelliJ IDEA 2019.3.2\lib\idea_rt.jar
Launcher Type: SUN_STANDARD

Environment Variables:
JAVA_HOME=C:\jdk
PATH=D:\zxw\xshell\xftp\;D:\zxw\xshell\xshell\;C:\Users\Administrator\AppData\Local\Programs\Python\Python37;C:\Users\Administrator\AppData\Local\Programs\Python\Python37\Scripts;C:\Program Files (x86)\Common Files\Oracle\Java\javapath;C:\WINDOWS\system32;C:\WINDOWS;C:\WINDOWS\System32\Wbem;C:\WINDOWS\System32\WindowsPowerShell\v1.0\;C:\jdk\bin;C:\mysql\bin;E:\svn\bin;E:\GIT\Git\cmd;E:\go\bin;C:\WINDOWS\System32\OpenSSH\;C:\Program Files\erl9.3\bin;D:\java\maven\apache-maven-3.6.3\bin;E:\zxw\ultraedit\ultraedit;C:\Program Files\IDM Computer Solutions\UltraCompare;E:\zxw\tomcat\apache-tomcat-9.0.35\lib;E:\zxw\tomcat\apache-tomcat-9.0.35\bin;E:\zxw\jmeter\apache-jmeter-5.3\lib\ext\ApacheJMeter_core.jar;E:\zxw\jmeter\apache-jmeter-5.3\lib\jorphan.jar;E:\zxw\jmeter\apache-jmeter-5.3\lib\logkit-2.0.jar;C:\Users\Administrator\AppData\Local\Programs\Python\Python37\Scripts\;C:\Users\Administrator\AppData\Local\Programs\Python\Python37\;C:\Users\Administrator\AppData\Local\Microsoft\WindowsApps;C:\Users\Administrator\AppData\Local\atom\bin;C:\Users\Administrator\go\bin;C:\Users\Administrator\AppData\Local\Microsoft\WindowsApps;;E:\VisualStudioCode\Microsoft VS Code\bin;E:\Program Files (x86)\bandizip\
USERNAME=Administrator
OS=Windows_NT
PROCESSOR_IDENTIFIER=Intel64 Family 6 Model 158 Stepping 11, GenuineIntel



---------------  S Y S T E M  ---------------

OS: Windows 10.0 , 64 bit Build 17763 (10.0.17763.1158)

CPU:total 4 (initial active 4) (4 cores per cpu, 1 threads per core) family 6 model 158 stepping 11, cmov, cx8, fxsr, mmx, sse, sse2, sse3, ssse3, sse4.1, sse4.2, popcnt, avx, avx2, aes, clmul, erms, 3dnowpref, lzcnt, tsc, tscinvbit, bmi1, bmi2, adx

Memory: 4k page, physical 16650624k(3895872k free), swap 31198760k(5880k free)

vm_info: Java HotSpot(TM) 64-Bit Server VM (25.171-b11) for windows-amd64 JRE (1.8.0_171-b11), built on Mar 28 2018 16:06:12 by "java_re" with MS VC++ 10.0 (VS2010)

time: Tue Oct 20 11:03:15 2020
elapsed time: 0 seconds (0d 0h 0m 0s)

